<?xml version="1.0" encoding="UTF-8"?>
<!-- Generated by org.testng.reporters.JUnitXMLReporter -->
<testsuite ignored="0" hostname="RGW-8180" failures="0" tests="2" name="Default test" time="39.32" errors="0" timestamp="2022-06-08T09:35:01 IST">
  <testcase classname="orangeHRM_Test.TC_02_searchUserInUserManagement" name="loginInToOrangeHRM" time="9.152"/>
  <testcase classname="orangeHRM_Test.TC_02_searchUserInUserManagement" name="toVerifyUserDataInUserManagement" time="5.761"/>
</testsuite> <!-- Default test -->
