<?xml version="1.0" encoding="UTF-8"?>
<testng-results ignored="0" total="2" passed="2" failed="0" skipped="0">
  <reporter-output>
  </reporter-output>
  <suite started-at="2022-06-08T09:34:21 IST" name="Default suite" finished-at="2022-06-08T09:35:01 IST" duration-ms="39320">
    <groups>
    </groups>
    <test started-at="2022-06-08T09:34:21 IST" name="Default test" finished-at="2022-06-08T09:35:01 IST" duration-ms="39320">
      <class name="orangeHRM_Test.TC_02_searchUserInUserManagement">
        <test-method is-config="true" signature="launchBrowser()[pri:0, instance:orangeHRM_Test.TC_02_searchUserInUserManagement@20deea7f]" started-at="2022-06-08T09:34:21 IST" name="launchBrowser" finished-at="2022-06-08T09:34:31 IST" duration-ms="9878" status="PASS">
          <reporter-output>
          </reporter-output>
        </test-method> <!-- launchBrowser -->
        <test-method is-config="true" signature="launchApplication()[pri:0, instance:orangeHRM_Test.TC_02_searchUserInUserManagement@20deea7f]" started-at="2022-06-08T09:34:31 IST" name="launchApplication" finished-at="2022-06-08T09:34:39 IST" duration-ms="7392" status="PASS">
          <reporter-output>
          </reporter-output>
        </test-method> <!-- launchApplication -->
        <test-method signature="loginInToOrangeHRM()[pri:0, instance:orangeHRM_Test.TC_02_searchUserInUserManagement@20deea7f]" started-at="2022-06-08T09:34:39 IST" name="loginInToOrangeHRM" finished-at="2022-06-08T09:34:48 IST" duration-ms="9152" status="PASS">
          <reporter-output>
          </reporter-output>
        </test-method> <!-- loginInToOrangeHRM -->
        <test-method is-config="true" signature="testCaseStatus()[pri:0, instance:orangeHRM_Test.TC_02_searchUserInUserManagement@20deea7f]" started-at="2022-06-08T09:34:48 IST" name="testCaseStatus" finished-at="2022-06-08T09:34:48 IST" duration-ms="4" status="PASS">
          <reporter-output>
          </reporter-output>
        </test-method> <!-- testCaseStatus -->
        <test-method is-config="true" signature="launchApplication()[pri:0, instance:orangeHRM_Test.TC_02_searchUserInUserManagement@20deea7f]" started-at="2022-06-08T09:34:48 IST" name="launchApplication" finished-at="2022-06-08T09:34:51 IST" duration-ms="3328" status="PASS">
          <reporter-output>
          </reporter-output>
        </test-method> <!-- launchApplication -->
        <test-method signature="toVerifyUserDataInUserManagement()[pri:0, instance:orangeHRM_Test.TC_02_searchUserInUserManagement@20deea7f]" started-at="2022-06-08T09:34:51 IST" name="toVerifyUserDataInUserManagement" finished-at="2022-06-08T09:34:57 IST" depends-on-methods="orangeHRM_Test.TC_02_searchUserInUserManagement.loginInToOrangeHRM" duration-ms="5761" status="PASS">
          <reporter-output>
          </reporter-output>
        </test-method> <!-- toVerifyUserDataInUserManagement -->
        <test-method is-config="true" signature="testCaseStatus()[pri:0, instance:orangeHRM_Test.TC_02_searchUserInUserManagement@20deea7f]" started-at="2022-06-08T09:34:57 IST" name="testCaseStatus" finished-at="2022-06-08T09:34:57 IST" duration-ms="0" status="PASS">
          <reporter-output>
          </reporter-output>
        </test-method> <!-- testCaseStatus -->
        <test-method is-config="true" signature="closeApplication()[pri:0, instance:orangeHRM_Test.TC_02_searchUserInUserManagement@20deea7f]" started-at="2022-06-08T09:34:57 IST" name="closeApplication" finished-at="2022-06-08T09:35:01 IST" duration-ms="3699" status="PASS">
          <reporter-output>
          </reporter-output>
        </test-method> <!-- closeApplication -->
      </class> <!-- orangeHRM_Test.TC_02_searchUserInUserManagement -->
    </test> <!-- Default test -->
  </suite> <!-- Default suite -->
</testng-results>
